0 info it worked if it ends with ok
1 verbose cli [ 'C:\\Program Files\\nodejs\\node.exe',
1 verbose cli   'C:\\Program Files\\nodejs\\node_modules\\npm\\bin\\npm-cli.js',
1 verbose cli   'run',
1 verbose cli   'deploy' ]
2 info using npm@3.10.10
3 info using node@v6.9.5
4 verbose run-script [ 'predeploy', 'deploy', 'postdeploy' ]
5 info lifecycle coins@~predeploy: coins@
6 silly lifecycle coins@~predeploy: no script for predeploy, continuing
7 info lifecycle coins@~deploy: coins@
8 verbose lifecycle coins@~deploy: unsafe-perm in lifecycle true
9 verbose lifecycle coins@~deploy: PATH: C:\Users\vardan.baghdasaryan\AppData\Roaming\nvm\v6.9.5\node_modules\npm\bin\node-gyp-bin;D:\repos\Coins\node_modules\.bin;C:\Windows\system32;C:\Windows;C:\Windows\System32\Wbem;C:\Windows\System32\WindowsPowerShell\v1.0\;C:\Program Files (x86)\NVIDIA Corporation\PhysX\Common;C:\Program Files\Microsoft SQL Server\130\Tools\Binn\;C:\Program Files\dotnet\;C:\WINDOWS\system32;C:\WINDOWS;C:\WINDOWS\System32\Wbem;C:\WINDOWS\System32\WindowsPowerShell\v1.0\;C:\Users\vardan.baghdasaryan\AppData\Roaming\nvm;C:\Program Files\nodejs;C:\Program Files\Git\cmd;C:\Program Files\Microsoft VS Code\bin;C:\Program Files (x86)\Microsoft SQL Server\Client SDK\ODBC\130\Tools\Binn\;C:\Program Files (x86)\Microsoft SQL Server\140\Tools\Binn\;C:\Program Files (x86)\Microsoft SQL Server\140\DTS\Binn\;C:\Program Files (x86)\Microsoft SQL Server\140\Tools\Binn\ManagementStudio\;C:\Users\vardan.baghdasaryan\AppData\Local\Microsoft\WindowsApps;C:\Users\vardan.baghdasaryan\AppData\Roaming\npm;C:\Users\vardan.baghdasaryan\AppData\Roaming\nvm;C:\Program Files\nodejs;C:\Program Files\Microsoft VS Code\bin;C:\Program Files\Heroku\bin;C:\Users\vardan.baghdasaryan\AppData\Local\Programs\Microsoft VS Code\bin
10 verbose lifecycle coins@~deploy: CWD: D:\repos\Coins
11 silly lifecycle coins@~deploy: Args: [ '/d /s /c',
11 silly lifecycle   'push-dir --dir=dist --branch=gh-pages --cleanup' ]
12 silly lifecycle coins@~deploy: Returned: code: 1  signal: null
13 info lifecycle coins@~deploy: Failed to exec deploy script
14 verbose stack Error: coins@ deploy: `push-dir --dir=dist --branch=gh-pages --cleanup`
14 verbose stack Exit status 1
14 verbose stack     at EventEmitter.<anonymous> (C:\Users\vardan.baghdasaryan\AppData\Roaming\nvm\v6.9.5\node_modules\npm\lib\utils\lifecycle.js:255:16)
14 verbose stack     at emitTwo (events.js:106:13)
14 verbose stack     at EventEmitter.emit (events.js:191:7)
14 verbose stack     at ChildProcess.<anonymous> (C:\Users\vardan.baghdasaryan\AppData\Roaming\nvm\v6.9.5\node_modules\npm\lib\utils\spawn.js:40:14)
14 verbose stack     at emitTwo (events.js:106:13)
14 verbose stack     at ChildProcess.emit (events.js:191:7)
14 verbose stack     at maybeClose (internal/child_process.js:877:16)
14 verbose stack     at Process.ChildProcess._handle.onexit (internal/child_process.js:226:5)
15 verbose pkgid coins@
16 verbose cwd D:\repos\Coins
17 error Windows_NT 10.0.16299
18 error argv "C:\\Program Files\\nodejs\\node.exe" "C:\\Program Files\\nodejs\\node_modules\\npm\\bin\\npm-cli.js" "run" "deploy"
19 error node v6.9.5
20 error npm  v3.10.10
21 error code ELIFECYCLE
22 error coins@ deploy: `push-dir --dir=dist --branch=gh-pages --cleanup`
22 error Exit status 1
23 error Failed at the coins@ deploy script 'push-dir --dir=dist --branch=gh-pages --cleanup'.
23 error Make sure you have the latest version of node.js and npm installed.
23 error If you do, this is most likely a problem with the coins package,
23 error not with npm itself.
23 error Tell the author that this fails on your system:
23 error     push-dir --dir=dist --branch=gh-pages --cleanup
23 error You can get information on how to open an issue for this project with:
23 error     npm bugs coins
23 error Or if that isn't available, you can get their info via:
23 error     npm owner ls coins
23 error There is likely additional logging output above.
24 verbose exit [ 1, true ]
